Logfile initialized
[INFO] logfile = /Users/Firestorm/Desktop/GitHub/Titanium/Ejemplo02 TabView/build.log
[DEBUG] /Users/Firestorm/Library/Application Support/Titanium/mobilesdk/osx/3.1.0.GA/android/builder.py install Ejemplo02 TabView /Users/Firestorm/Documents/Aptana Rubles/Android_SDK /Users/Firestorm/Desktop/GitHub/Titanium/Ejemplo02 TabView org.fsl.titanium.tabview 1
[INFO] Titanium SDK version: 3.1.0 (04/15/13 18:45 57634ef)
[DEBUG] Waiting for device to be ready ...
[TRACE] adb devices returned 1 devices/emulators
[DEBUG] Device connected... (waited 0 seconds)
[DEBUG] waited 3.097726 seconds on emulator to get ready
[INFO] Waiting for the Android Emulator to become available
[DEBUG] org.fsl.titanium.tabview installed? False
[INFO] Copying CommonJS modules...
[INFO] Copying project resources..
[INFO] Detected change in tiapp.xml, or assets deleted. Forcing full re-build...
[TRACE] COPYING CREATED FILE: /Users/Firestorm/Desktop/GitHub/Titanium/Ejemplo02 TabView/Resources/android/appicon.png => /Users/Firestorm/Desktop/GitHub/Titanium/Ejemplo02 TabView/build/android/bin/assets/Resources/appicon.png
[TRACE] COPYING CREATED FILE: /Users/Firestorm/Desktop/GitHub/Titanium/Ejemplo02 TabView/Resources/android/default.png => /Users/Firestorm/Desktop/GitHub/Titanium/Ejemplo02 TabView/build/android/bin/assets/Resources/default.png
[TRACE] COPYING CREATED FILE: /Users/Firestorm/Desktop/GitHub/Titanium/Ejemplo02 TabView/Resources/app.js => /Users/Firestorm/Desktop/GitHub/Titanium/Ejemplo02 TabView/build/android/bin/assets/Resources/app.js
[TRACE] COPYING CREATED FILE: /Users/Firestorm/Desktop/GitHub/Titanium/Ejemplo02 TabView/Resources/images/KS_nav_ui.png => /Users/Firestorm/Desktop/GitHub/Titanium/Ejemplo02 TabView/build/android/bin/assets/Resources/images/KS_nav_ui.png
[TRACE] COPYING CREATED FILE: /Users/Firestorm/Desktop/GitHub/Titanium/Ejemplo02 TabView/Resources/images/KS_nav_views.png => /Users/Firestorm/Desktop/GitHub/Titanium/Ejemplo02 TabView/build/android/bin/assets/Resources/images/KS_nav_views.png
[TRACE] COPYING CREATED FILE: /Users/Firestorm/Desktop/GitHub/Titanium/Ejemplo02 TabView/Resources/KS_nav_ui.png => /Users/Firestorm/Desktop/GitHub/Titanium/Ejemplo02 TabView/build/android/bin/assets/Resources/KS_nav_ui.png
[TRACE] COPYING CREATED FILE: /Users/Firestorm/Desktop/GitHub/Titanium/Ejemplo02 TabView/Resources/KS_nav_views.png => /Users/Firestorm/Desktop/GitHub/Titanium/Ejemplo02 TabView/build/android/bin/assets/Resources/KS_nav_views.png
[TRACE] COPYING CREATED FILE: /Users/Firestorm/Desktop/GitHub/Titanium/Ejemplo02 TabView/Resources/ui/common/ApplicationTabGroup.js => /Users/Firestorm/Desktop/GitHub/Titanium/Ejemplo02 TabView/build/android/bin/assets/Resources/ui/common/ApplicationTabGroup.js
[TRACE] COPYING CREATED FILE: /Users/Firestorm/Desktop/GitHub/Titanium/Ejemplo02 TabView/Resources/ui/handheld/ApplicationWindow.js => /Users/Firestorm/Desktop/GitHub/Titanium/Ejemplo02 TabView/build/android/bin/assets/Resources/ui/handheld/ApplicationWindow.js
[TRACE] COPYING CREATED FILE: /Users/Firestorm/Desktop/GitHub/Titanium/Ejemplo02 TabView/Resources/ui/tablet/ApplicationWindow.js => /Users/Firestorm/Desktop/GitHub/Titanium/Ejemplo02 TabView/build/android/bin/assets/Resources/ui/tablet/ApplicationWindow.js
[DEBUG] LiveView not enabled
[TRACE] Generating Java Classes
[DEBUG] Processing Android resource drawables
[DEBUG] app stylesheet => /Users/Firestorm/Desktop/GitHub/Titanium/Ejemplo02 TabView/build/android/gen/org/fsl/titanium/tabview/ApplicationStylesheet.java
[DEBUG] copying app icon: /Users/Firestorm/Desktop/GitHub/Titanium/Ejemplo02 TabView/build/android/bin/assets/Resources/appicon.png
[DEBUG] generating theme.xml
[DEBUG] found drawable-long-land-hdpi splash screen at /Users/Firestorm/Desktop/GitHub/Titanium/Ejemplo02 TabView/Resources/android/images/res-long-land-hdpi/default.png
[DEBUG] copying /Users/Firestorm/Desktop/GitHub/Titanium/Ejemplo02 TabView/Resources/android/images/res-long-land-hdpi/default.png splash screen to /Users/Firestorm/Desktop/GitHub/Titanium/Ejemplo02 TabView/build/android/res/drawable-long-land-hdpi/background.png
[DEBUG] found drawable-long-land-ldpi splash screen at /Users/Firestorm/Desktop/GitHub/Titanium/Ejemplo02 TabView/Resources/android/images/res-long-land-ldpi/default.png
[DEBUG] copying /Users/Firestorm/Desktop/GitHub/Titanium/Ejemplo02 TabView/Resources/android/images/res-long-land-ldpi/default.png splash screen to /Users/Firestorm/Desktop/GitHub/Titanium/Ejemplo02 TabView/build/android/res/drawable-long-land-ldpi/background.png
[DEBUG] found drawable-long-port-hdpi splash screen at /Users/Firestorm/Desktop/GitHub/Titanium/Ejemplo02 TabView/Resources/android/images/res-long-port-hdpi/default.png
[DEBUG] copying /Users/Firestorm/Desktop/GitHub/Titanium/Ejemplo02 TabView/Resources/android/images/res-long-port-hdpi/default.png splash screen to /Users/Firestorm/Desktop/GitHub/Titanium/Ejemplo02 TabView/build/android/res/drawable-long-port-hdpi/background.png
[DEBUG] found drawable-long-port-ldpi splash screen at /Users/Firestorm/Desktop/GitHub/Titanium/Ejemplo02 TabView/Resources/android/images/res-long-port-ldpi/default.png
[DEBUG] copying /Users/Firestorm/Desktop/GitHub/Titanium/Ejemplo02 TabView/Resources/android/images/res-long-port-ldpi/default.png splash screen to /Users/Firestorm/Desktop/GitHub/Titanium/Ejemplo02 TabView/build/android/res/drawable-long-port-ldpi/background.png
[DEBUG] found drawable-notlong-land-hdpi splash screen at /Users/Firestorm/Desktop/GitHub/Titanium/Ejemplo02 TabView/Resources/android/images/res-notlong-land-hdpi/default.png
[DEBUG] copying /Users/Firestorm/Desktop/GitHub/Titanium/Ejemplo02 TabView/Resources/android/images/res-notlong-land-hdpi/default.png splash screen to /Users/Firestorm/Desktop/GitHub/Titanium/Ejemplo02 TabView/build/android/res/drawable-notlong-land-hdpi/background.png
[DEBUG] found drawable-notlong-land-ldpi splash screen at /Users/Firestorm/Desktop/GitHub/Titanium/Ejemplo02 TabView/Resources/android/images/res-notlong-land-ldpi/default.png
[DEBUG] copying /Users/Firestorm/Desktop/GitHub/Titanium/Ejemplo02 TabView/Resources/android/images/res-notlong-land-ldpi/default.png splash screen to /Users/Firestorm/Desktop/GitHub/Titanium/Ejemplo02 TabView/build/android/res/drawable-notlong-land-ldpi/background.png
[DEBUG] found drawable-notlong-land-mdpi splash screen at /Users/Firestorm/Desktop/GitHub/Titanium/Ejemplo02 TabView/Resources/android/images/res-notlong-land-mdpi/default.png
[DEBUG] copying /Users/Firestorm/Desktop/GitHub/Titanium/Ejemplo02 TabView/Resources/android/images/res-notlong-land-mdpi/default.png splash screen to /Users/Firestorm/Desktop/GitHub/Titanium/Ejemplo02 TabView/build/android/res/drawable-notlong-land-mdpi/background.png
[DEBUG] found drawable-notlong-port-hdpi splash screen at /Users/Firestorm/Desktop/GitHub/Titanium/Ejemplo02 TabView/Resources/android/images/res-notlong-port-hdpi/default.png
[DEBUG] copying /Users/Firestorm/Desktop/GitHub/Titanium/Ejemplo02 TabView/Resources/android/images/res-notlong-port-hdpi/default.png splash screen to /Users/Firestorm/Desktop/GitHub/Titanium/Ejemplo02 TabView/build/android/res/drawable-notlong-port-hdpi/background.png
[DEBUG] found drawable-notlong-port-ldpi splash screen at /Users/Firestorm/Desktop/GitHub/Titanium/Ejemplo02 TabView/Resources/android/images/res-notlong-port-ldpi/default.png
[DEBUG] copying /Users/Firestorm/Desktop/GitHub/Titanium/Ejemplo02 TabView/Resources/android/images/res-notlong-port-ldpi/default.png splash screen to /Users/Firestorm/Desktop/GitHub/Titanium/Ejemplo02 TabView/build/android/res/drawable-notlong-port-ldpi/background.png
[DEBUG] found drawable-notlong-port-mdpi splash screen at /Users/Firestorm/Desktop/GitHub/Titanium/Ejemplo02 TabView/Resources/android/images/res-notlong-port-mdpi/default.png
[DEBUG] copying /Users/Firestorm/Desktop/GitHub/Titanium/Ejemplo02 TabView/Resources/android/images/res-notlong-port-mdpi/default.png splash screen to /Users/Firestorm/Desktop/GitHub/Titanium/Ejemplo02 TabView/build/android/res/drawable-notlong-port-mdpi/background.png
[DEBUG] found splash screen at /Users/Firestorm/Desktop/GitHub/Titanium/Ejemplo02 TabView/build/android/bin/assets/Resources/default.png
[TRACE] Writing out AndroidManifest.xml
[DEBUG] adding /Users/Firestorm/Desktop/GitHub/Titanium/Ejemplo02 TabView/build/android/gen/org/fsl/titanium/tabview/ApplicationStylesheet.java to javac build list
[DEBUG] adding /Users/Firestorm/Desktop/GitHub/Titanium/Ejemplo02 TabView/build/android/gen/org/fsl/titanium/tabview/Ejemplo02TabviewActivity.java to javac build list
[DEBUG] adding /Users/Firestorm/Desktop/GitHub/Titanium/Ejemplo02 TabView/build/android/gen/org/fsl/titanium/tabview/Ejemplo02TabviewAppInfo.java to javac build list
[DEBUG] adding /Users/Firestorm/Desktop/GitHub/Titanium/Ejemplo02 TabView/build/android/gen/org/fsl/titanium/tabview/Ejemplo02TabviewApplication.java to javac build list
[DEBUG] adding /Users/Firestorm/Desktop/GitHub/Titanium/Ejemplo02 TabView/build/android/gen/org/fsl/titanium/tabview/R.java to javac build list
[DEBUG] Building Java Sources: "/Users/Firestorm/Desktop/GitHub/Titanium/Ejemplo02 TabView/build/android/gen/org/fsl/titanium/tabview/ApplicationStylesheet.java" "/Users/Firestorm/Desktop/GitHub/Titanium/Ejemplo02 TabView/build/android/gen/org/fsl/titanium/tabview/Ejemplo02TabviewActivity.java" "/Users/Firestorm/Desktop/GitHub/Titanium/Ejemplo02 TabView/build/android/gen/org/fsl/titanium/tabview/Ejemplo02TabviewAppInfo.java" "/Users/Firestorm/Desktop/GitHub/Titanium/Ejemplo02 TabView/build/android/gen/org/fsl/titanium/tabview/Ejemplo02TabviewApplication.java" "/Users/Firestorm/Desktop/GitHub/Titanium/Ejemplo02 TabView/build/android/gen/org/fsl/titanium/tabview/R.java"
[INFO] Compiling Android Resources... This could take some time
[DEBUG] Android classes.dex built
[DEBUG] creating unsigned apk: /Users/Firestorm/Desktop/GitHub/Titanium/Ejemplo02 TabView/build/android/bin/app-unsigned.apk
[DEBUG] from resource zip => assets/Resources/images/KS_nav_ui.png
[DEBUG] from resource zip => assets/Resources/images/KS_nav_views.png
[DEBUG] from resource zip => assets/Resources/ui/common/ApplicationTabGroup.js
[DEBUG] from resource zip => assets/Resources/ui/handheld/ApplicationWindow.js
[DEBUG] from resource zip => assets/Resources/ui/tablet/ApplicationWindow.js
[DEBUG] from resource zip => assets/Resources/KS_nav_ui.png
[DEBUG] from resource zip => assets/Resources/KS_nav_views.png
[DEBUG] from resource zip => assets/Resources/app.js
[DEBUG] from resource zip => assets/Resources/appicon.png
[DEBUG] from resource zip => assets/Resources/default.png
[DEBUG] from resource zip => assets/app.json
[DEBUG] from resource zip => assets/index.json
[DEBUG] from resource zip => assets/tiapp.xml
[DEBUG] from resource zip => res/drawable/appicon.png
[DEBUG] from resource zip => res/drawable/background.png
[DEBUG] from resource zip => res/drawable/btn_check_buttonless_on_64.png
[DEBUG] from resource zip => res/drawable/btn_more_64.png
[DEBUG] from resource zip => res/drawable/disclosure_64.png
[DEBUG] from resource zip => res/layout/titanium_tabgroup.xml
[DEBUG] from resource zip => res/layout/titanium_ui_list_header_or_footer.xml
[DEBUG] from resource zip => res/layout/titanium_ui_list_item.xml
[DEBUG] from resource zip => AndroidManifest.xml
[DEBUG] from resource zip => resources.arsc
[DEBUG] from resource zip => res/drawable-long-land-hdpi/background.png
[DEBUG] from resource zip => res/drawable-long-land-ldpi/background.png
[DEBUG] from resource zip => res/drawable-long-port-hdpi/background.png
[DEBUG] from resource zip => res/drawable-long-port-ldpi/background.png
[DEBUG] from resource zip => res/drawable-notlong-land-hdpi/background.png
[DEBUG] from resource zip => res/drawable-notlong-land-ldpi/background.png
[DEBUG] from resource zip => res/drawable-notlong-land-mdpi/background.png
[DEBUG] from resource zip => res/drawable-notlong-port-hdpi/background.png
[DEBUG] from resource zip => res/drawable-notlong-port-ldpi/background.png
[DEBUG] from resource zip => res/drawable-notlong-port-mdpi/background.png
[DEBUG] from JAR /Users/Firestorm/Library/Application Support/Titanium/mobilesdk/osx/3.1.0.GA/android/titanium.jar => org/appcelerator/titanium/build.properties
[DEBUG] from JAR /Users/Firestorm/Library/Application Support/Titanium/mobilesdk/osx/3.1.0.GA/android/titanium.jar => org/appcelerator/titanium/res/drawable/background.png
[DEBUG] from JAR /Users/Firestorm/Library/Application Support/Titanium/mobilesdk/osx/3.1.0.GA/android/titanium.jar => org/appcelerator/titanium/res/drawable/btn_check_buttonless_on.png
[DEBUG] from JAR /Users/Firestorm/Library/Application Support/Titanium/mobilesdk/osx/3.1.0.GA/android/titanium.jar => org/appcelerator/titanium/res/drawable/btn_check_buttonless_on_18.png
[DEBUG] from JAR /Users/Firestorm/Library/Application Support/Titanium/mobilesdk/osx/3.1.0.GA/android/titanium.jar => org/appcelerator/titanium/res/drawable/btn_check_buttonless_on_48.png
[DEBUG] from JAR /Users/Firestorm/Library/Application Support/Titanium/mobilesdk/osx/3.1.0.GA/android/titanium.jar => org/appcelerator/titanium/res/drawable/btn_check_buttonless_on_64.png
[DEBUG] from JAR /Users/Firestorm/Library/Application Support/Titanium/mobilesdk/osx/3.1.0.GA/android/titanium.jar => org/appcelerator/titanium/res/drawable/btn_more.png
[DEBUG] from JAR /Users/Firestorm/Library/Application Support/Titanium/mobilesdk/osx/3.1.0.GA/android/titanium.jar => org/appcelerator/titanium/res/drawable/btn_more_18.png
[DEBUG] from JAR /Users/Firestorm/Library/Application Support/Titanium/mobilesdk/osx/3.1.0.GA/android/titanium.jar => org/appcelerator/titanium/res/drawable/btn_more_48.png
[DEBUG] from JAR /Users/Firestorm/Library/Application Support/Titanium/mobilesdk/osx/3.1.0.GA/android/titanium.jar => org/appcelerator/titanium/res/drawable/btn_more_64.png
[DEBUG] from JAR /Users/Firestorm/Library/Application Support/Titanium/mobilesdk/osx/3.1.0.GA/android/titanium.jar => org/appcelerator/titanium/res/drawable/btn_picker_normal.9.png
[DEBUG] from JAR /Users/Firestorm/Library/Application Support/Titanium/mobilesdk/osx/3.1.0.GA/android/titanium.jar => org/appcelerator/titanium/res/drawable/btn_picker_pressed.9.png
[DEBUG] from JAR /Users/Firestorm/Library/Application Support/Titanium/mobilesdk/osx/3.1.0.GA/android/titanium.jar => org/appcelerator/titanium/res/drawable/btn_picker_selected.9.png
[DEBUG] from JAR /Users/Firestorm/Library/Application Support/Titanium/mobilesdk/osx/3.1.0.GA/android/titanium.jar => org/appcelerator/titanium/res/drawable/default_icon.png
[DEBUG] from JAR /Users/Firestorm/Library/Application Support/Titanium/mobilesdk/osx/3.1.0.GA/android/titanium.jar => org/appcelerator/titanium/res/drawable/photoDefault.png
[DEBUG] from JAR /Users/Firestorm/Library/Application Support/Titanium/mobilesdk/osx/3.1.0.GA/android/modules/titanium-ui.jar => ti/modules/titanium/ui/widget/webview/binding.js
[DEBUG] from JAR /Users/Firestorm/Library/Application Support/Titanium/mobilesdk/osx/3.1.0.GA/android/modules/titanium-ui.jar => ti/modules/titanium/ui/widget/webview/binding.min.js
[DEBUG] from JAR /Users/Firestorm/Library/Application Support/Titanium/mobilesdk/osx/3.1.0.GA/android/modules/titanium-ui.jar => ti/modules/titanium/ui/widget/webview/json2.js
[DEBUG] from JAR /Users/Firestorm/Library/Application Support/Titanium/mobilesdk/osx/3.1.0.GA/android/modules/titanium-ui.jar => ti/modules/titanium/ui/widget/webview/polling.js
[DEBUG] from JAR /Users/Firestorm/Library/Application Support/Titanium/mobilesdk/osx/3.1.0.GA/android/modules/titanium-ui.jar => ti/modules/titanium/ui/widget/webview/polling.min.js
[DEBUG] installing native SDK libs
[DEBUG] Waiting for device to be ready ...
[TRACE] adb devices returned 1 devices/emulators
[DEBUG] Device connected... (waited 0 seconds)
[DEBUG] waited 0.028423 seconds on emulator to get ready
[INFO] Installing application on device
[INFO] Application installed. Launch from drawer on Home Screen
