Logfile initialized
[INFO] logfile = /Users/Firestorm/Documents/Titanium_Studio_Workspace/00 Aplicaciones de muestra/Ejemplo01 HolaMundo/build.log
[INFO] logfile = /Users/Firestorm/Documents/Titanium_Studio_Workspace/00 Aplicaciones de muestra/Ejemplo01 HolaMundo/build.log
[DEBUG] /Users/Firestorm/Library/Application Support/Titanium/mobilesdk/osx/3.1.0.GA/android/builder.py simulator Ejemplo01 HolaMundo /Users/Firestorm/Documents/Aptana Rubles/Android_SDK /Users/Firestorm/Documents/Titanium_Studio_Workspace/00 Aplicaciones de muestra/Ejemplo01 HolaMundo org.fsl.titanium.holamundo 2 WVGA854
[DEBUG] /Users/Firestorm/Library/Application Support/Titanium/mobilesdk/osx/3.1.0.GA/android/builder.py emulator Ejemplo01 HolaMundo /Users/Firestorm/Documents/Aptana Rubles/Android_SDK /Users/Firestorm/Documents/Titanium_Studio_Workspace/00 Aplicaciones de muestra/Ejemplo01 HolaMundo org.fsl.titanium.holamundo 2 WVGA854 armeabi
[INFO] Building Ejemplo01 HolaMundo for Android ... one moment
[INFO] Launching Android emulator...one moment
[DEBUG] From: /Users/Firestorm/Documents/Aptana Rubles/Android_SDK/tools/emulator
[DEBUG] SDCard: /Users/Firestorm/.titanium/android2.sdcard
[DEBUG] AVD ID: 2
[DEBUG] AVD Skin: WVGA854
[DEBUG] AVD ABI: armeabi
[DEBUG] SDK: /Users/Firestorm/Documents/Aptana Rubles/Android_SDK
[INFO] Titanium SDK version: 3.1.0 (04/15/13 18:45 57634ef)
[DEBUG] Waiting for device to be ready ...
[TRACE] adb devices returned 0 devices/emulators
[DEBUG] /Users/Firestorm/Documents/Aptana Rubles/Android_SDK/tools/emulator -avd titanium_2_WVGA854 -port 5560 -sdcard /Users/Firestorm/.titanium/titanium_2_WVGA854.sdcard -logcat *:d,*,TiAPI:V -no-boot-anim -partition-size 128
[TRACE] adb devices returned 1 devices/emulators
[TRACE] adb devices returned 1 devices/emulators
[TRACE] adb devices returned 1 devices/emulators
[TRACE] adb devices returned 1 devices/emulators
[TRACE] adb devices returned 1 devices/emulators
[TRACE] adb devices returned 1 devices/emulators
[TRACE] adb devices returned 1 devices/emulators
[DEBUG] Device connected... (waited 35 seconds)
[DEBUG] waited 35.253630 seconds on emulator to get ready
[INFO] Waiting for the Android Emulator to become available
[DEBUG] org.fsl.titanium.holamundo installed? False
[INFO] Fastdev server running, deploying in Fastdev mode
[INFO] Copying CommonJS modules...
[INFO] Copying project resources..
[INFO] Detected change in tiapp.xml, or assets deleted. Forcing full re-build...
[TRACE] COPYING CREATED FILE: /Users/Firestorm/Documents/Titanium_Studio_Workspace/00 Aplicaciones de muestra/Ejemplo01 HolaMundo/Resources/android/appicon.png => /Users/Firestorm/Documents/Titanium_Studio_Workspace/00 Aplicaciones de muestra/Ejemplo01 HolaMundo/build/android/bin/assets/Resources/appicon.png
[TRACE] COPYING CREATED FILE: /Users/Firestorm/Documents/Titanium_Studio_Workspace/00 Aplicaciones de muestra/Ejemplo01 HolaMundo/Resources/android/default.png => /Users/Firestorm/Documents/Titanium_Studio_Workspace/00 Aplicaciones de muestra/Ejemplo01 HolaMundo/build/android/bin/assets/Resources/default.png
[TRACE] COPYING CREATED FILE: /Users/Firestorm/Documents/Titanium_Studio_Workspace/00 Aplicaciones de muestra/Ejemplo01 HolaMundo/Resources/app.js => /Users/Firestorm/Documents/Titanium_Studio_Workspace/00 Aplicaciones de muestra/Ejemplo01 HolaMundo/build/android/bin/assets/Resources/app.js
[TRACE] COPYING CREATED FILE: /Users/Firestorm/Documents/Titanium_Studio_Workspace/00 Aplicaciones de muestra/Ejemplo01 HolaMundo/Resources/KS_nav_ui.png => /Users/Firestorm/Documents/Titanium_Studio_Workspace/00 Aplicaciones de muestra/Ejemplo01 HolaMundo/build/android/bin/assets/Resources/KS_nav_ui.png
[TRACE] COPYING CREATED FILE: /Users/Firestorm/Documents/Titanium_Studio_Workspace/00 Aplicaciones de muestra/Ejemplo01 HolaMundo/Resources/KS_nav_views.png => /Users/Firestorm/Documents/Titanium_Studio_Workspace/00 Aplicaciones de muestra/Ejemplo01 HolaMundo/build/android/bin/assets/Resources/KS_nav_views.png
[TRACE] COPYING CREATED FILE: /Users/Firestorm/Documents/Titanium_Studio_Workspace/00 Aplicaciones de muestra/Ejemplo01 HolaMundo/Resources/ui/common/FirstView.js => /Users/Firestorm/Documents/Titanium_Studio_Workspace/00 Aplicaciones de muestra/Ejemplo01 HolaMundo/build/android/bin/assets/Resources/ui/common/FirstView.js
[TRACE] COPYING CREATED FILE: /Users/Firestorm/Documents/Titanium_Studio_Workspace/00 Aplicaciones de muestra/Ejemplo01 HolaMundo/Resources/ui/handheld/android/ApplicationWindow.js => /Users/Firestorm/Documents/Titanium_Studio_Workspace/00 Aplicaciones de muestra/Ejemplo01 HolaMundo/build/android/bin/assets/Resources/ui/handheld/android/ApplicationWindow.js
[TRACE] COPYING CREATED FILE: /Users/Firestorm/Documents/Titanium_Studio_Workspace/00 Aplicaciones de muestra/Ejemplo01 HolaMundo/Resources/ui/handheld/ApplicationWindow.js => /Users/Firestorm/Documents/Titanium_Studio_Workspace/00 Aplicaciones de muestra/Ejemplo01 HolaMundo/build/android/bin/assets/Resources/ui/handheld/ApplicationWindow.js
[TRACE] COPYING CREATED FILE: /Users/Firestorm/Documents/Titanium_Studio_Workspace/00 Aplicaciones de muestra/Ejemplo01 HolaMundo/Resources/ui/tablet/ApplicationWindow.js => /Users/Firestorm/Documents/Titanium_Studio_Workspace/00 Aplicaciones de muestra/Ejemplo01 HolaMundo/build/android/bin/assets/Resources/ui/tablet/ApplicationWindow.js
[DEBUG] LiveView not enabled
[TRACE] Generating Java Classes
[DEBUG] Processing Android resource drawables
[TRACE] COPYING FILE: /Users/Firestorm/Documents/Titanium_Studio_Workspace/00 Aplicaciones de muestra/Ejemplo01 HolaMundo/Resources/android/images/res-long-land-hdpi/default.png => /Users/Firestorm/Documents/Titanium_Studio_Workspace/00 Aplicaciones de muestra/Ejemplo01 HolaMundo/build/android/res/drawable-long-land-hdpi/default_d44e27d97b.png
[TRACE] COPYING FILE: /Users/Firestorm/Documents/Titanium_Studio_Workspace/00 Aplicaciones de muestra/Ejemplo01 HolaMundo/Resources/android/images/res-long-land-ldpi/default.png => /Users/Firestorm/Documents/Titanium_Studio_Workspace/00 Aplicaciones de muestra/Ejemplo01 HolaMundo/build/android/res/drawable-long-land-ldpi/default_d44e27d97b.png
[TRACE] COPYING FILE: /Users/Firestorm/Documents/Titanium_Studio_Workspace/00 Aplicaciones de muestra/Ejemplo01 HolaMundo/Resources/android/images/res-long-port-hdpi/default.png => /Users/Firestorm/Documents/Titanium_Studio_Workspace/00 Aplicaciones de muestra/Ejemplo01 HolaMundo/build/android/res/drawable-long-port-hdpi/default_d44e27d97b.png
[TRACE] COPYING FILE: /Users/Firestorm/Documents/Titanium_Studio_Workspace/00 Aplicaciones de muestra/Ejemplo01 HolaMundo/Resources/android/images/res-long-port-ldpi/default.png => /Users/Firestorm/Documents/Titanium_Studio_Workspace/00 Aplicaciones de muestra/Ejemplo01 HolaMundo/build/android/res/drawable-long-port-ldpi/default_d44e27d97b.png
[TRACE] COPYING FILE: /Users/Firestorm/Documents/Titanium_Studio_Workspace/00 Aplicaciones de muestra/Ejemplo01 HolaMundo/Resources/android/images/res-notlong-land-hdpi/default.png => /Users/Firestorm/Documents/Titanium_Studio_Workspace/00 Aplicaciones de muestra/Ejemplo01 HolaMundo/build/android/res/drawable-notlong-land-hdpi/default_d44e27d97b.png
[TRACE] COPYING FILE: /Users/Firestorm/Documents/Titanium_Studio_Workspace/00 Aplicaciones de muestra/Ejemplo01 HolaMundo/Resources/android/images/res-notlong-land-ldpi/default.png => /Users/Firestorm/Documents/Titanium_Studio_Workspace/00 Aplicaciones de muestra/Ejemplo01 HolaMundo/build/android/res/drawable-notlong-land-ldpi/default_d44e27d97b.png
[TRACE] COPYING FILE: /Users/Firestorm/Documents/Titanium_Studio_Workspace/00 Aplicaciones de muestra/Ejemplo01 HolaMundo/Resources/android/images/res-notlong-land-mdpi/default.png => /Users/Firestorm/Documents/Titanium_Studio_Workspace/00 Aplicaciones de muestra/Ejemplo01 HolaMundo/build/android/res/drawable-notlong-land-mdpi/default_d44e27d97b.png
[TRACE] COPYING FILE: /Users/Firestorm/Documents/Titanium_Studio_Workspace/00 Aplicaciones de muestra/Ejemplo01 HolaMundo/Resources/android/images/res-notlong-port-hdpi/default.png => /Users/Firestorm/Documents/Titanium_Studio_Workspace/00 Aplicaciones de muestra/Ejemplo01 HolaMundo/build/android/res/drawable-notlong-port-hdpi/default_d44e27d97b.png
[TRACE] COPYING FILE: /Users/Firestorm/Documents/Titanium_Studio_Workspace/00 Aplicaciones de muestra/Ejemplo01 HolaMundo/Resources/android/images/res-notlong-port-ldpi/default.png => /Users/Firestorm/Documents/Titanium_Studio_Workspace/00 Aplicaciones de muestra/Ejemplo01 HolaMundo/build/android/res/drawable-notlong-port-ldpi/default_d44e27d97b.png
[TRACE] COPYING FILE: /Users/Firestorm/Documents/Titanium_Studio_Workspace/00 Aplicaciones de muestra/Ejemplo01 HolaMundo/Resources/android/images/res-notlong-port-mdpi/default.png => /Users/Firestorm/Documents/Titanium_Studio_Workspace/00 Aplicaciones de muestra/Ejemplo01 HolaMundo/build/android/res/drawable-notlong-port-mdpi/default_d44e27d97b.png
[DEBUG] app stylesheet => /Users/Firestorm/Documents/Titanium_Studio_Workspace/00 Aplicaciones de muestra/Ejemplo01 HolaMundo/build/android/gen/org/fsl/titanium/holamundo/ApplicationStylesheet.java
[DEBUG] copying app icon: /Users/Firestorm/Documents/Titanium_Studio_Workspace/00 Aplicaciones de muestra/Ejemplo01 HolaMundo/build/android/bin/assets/Resources/appicon.png
[DEBUG] generating theme.xml
[DEBUG] found drawable-long-land-hdpi splash screen at /Users/Firestorm/Documents/Titanium_Studio_Workspace/00 Aplicaciones de muestra/Ejemplo01 HolaMundo/Resources/android/images/res-long-land-hdpi/default.png
[DEBUG] copying /Users/Firestorm/Documents/Titanium_Studio_Workspace/00 Aplicaciones de muestra/Ejemplo01 HolaMundo/Resources/android/images/res-long-land-hdpi/default.png splash screen to /Users/Firestorm/Documents/Titanium_Studio_Workspace/00 Aplicaciones de muestra/Ejemplo01 HolaMundo/build/android/res/drawable-long-land-hdpi/background.png
[DEBUG] found drawable-long-land-ldpi splash screen at /Users/Firestorm/Documents/Titanium_Studio_Workspace/00 Aplicaciones de muestra/Ejemplo01 HolaMundo/Resources/android/images/res-long-land-ldpi/default.png
[DEBUG] copying /Users/Firestorm/Documents/Titanium_Studio_Workspace/00 Aplicaciones de muestra/Ejemplo01 HolaMundo/Resources/android/images/res-long-land-ldpi/default.png splash screen to /Users/Firestorm/Documents/Titanium_Studio_Workspace/00 Aplicaciones de muestra/Ejemplo01 HolaMundo/build/android/res/drawable-long-land-ldpi/background.png
[DEBUG] found drawable-long-port-hdpi splash screen at /Users/Firestorm/Documents/Titanium_Studio_Workspace/00 Aplicaciones de muestra/Ejemplo01 HolaMundo/Resources/android/images/res-long-port-hdpi/default.png
[DEBUG] copying /Users/Firestorm/Documents/Titanium_Studio_Workspace/00 Aplicaciones de muestra/Ejemplo01 HolaMundo/Resources/android/images/res-long-port-hdpi/default.png splash screen to /Users/Firestorm/Documents/Titanium_Studio_Workspace/00 Aplicaciones de muestra/Ejemplo01 HolaMundo/build/android/res/drawable-long-port-hdpi/background.png
[DEBUG] found drawable-long-port-ldpi splash screen at /Users/Firestorm/Documents/Titanium_Studio_Workspace/00 Aplicaciones de muestra/Ejemplo01 HolaMundo/Resources/android/images/res-long-port-ldpi/default.png
[DEBUG] copying /Users/Firestorm/Documents/Titanium_Studio_Workspace/00 Aplicaciones de muestra/Ejemplo01 HolaMundo/Resources/android/images/res-long-port-ldpi/default.png splash screen to /Users/Firestorm/Documents/Titanium_Studio_Workspace/00 Aplicaciones de muestra/Ejemplo01 HolaMundo/build/android/res/drawable-long-port-ldpi/background.png
[DEBUG] found drawable-notlong-land-hdpi splash screen at /Users/Firestorm/Documents/Titanium_Studio_Workspace/00 Aplicaciones de muestra/Ejemplo01 HolaMundo/Resources/android/images/res-notlong-land-hdpi/default.png
[DEBUG] copying /Users/Firestorm/Documents/Titanium_Studio_Workspace/00 Aplicaciones de muestra/Ejemplo01 HolaMundo/Resources/android/images/res-notlong-land-hdpi/default.png splash screen to /Users/Firestorm/Documents/Titanium_Studio_Workspace/00 Aplicaciones de muestra/Ejemplo01 HolaMundo/build/android/res/drawable-notlong-land-hdpi/background.png
[DEBUG] found drawable-notlong-land-ldpi splash screen at /Users/Firestorm/Documents/Titanium_Studio_Workspace/00 Aplicaciones de muestra/Ejemplo01 HolaMundo/Resources/android/images/res-notlong-land-ldpi/default.png
[DEBUG] copying /Users/Firestorm/Documents/Titanium_Studio_Workspace/00 Aplicaciones de muestra/Ejemplo01 HolaMundo/Resources/android/images/res-notlong-land-ldpi/default.png splash screen to /Users/Firestorm/Documents/Titanium_Studio_Workspace/00 Aplicaciones de muestra/Ejemplo01 HolaMundo/build/android/res/drawable-notlong-land-ldpi/background.png
[DEBUG] found drawable-notlong-land-mdpi splash screen at /Users/Firestorm/Documents/Titanium_Studio_Workspace/00 Aplicaciones de muestra/Ejemplo01 HolaMundo/Resources/android/images/res-notlong-land-mdpi/default.png
[DEBUG] copying /Users/Firestorm/Documents/Titanium_Studio_Workspace/00 Aplicaciones de muestra/Ejemplo01 HolaMundo/Resources/android/images/res-notlong-land-mdpi/default.png splash screen to /Users/Firestorm/Documents/Titanium_Studio_Workspace/00 Aplicaciones de muestra/Ejemplo01 HolaMundo/build/android/res/drawable-notlong-land-mdpi/background.png
[DEBUG] found drawable-notlong-port-hdpi splash screen at /Users/Firestorm/Documents/Titanium_Studio_Workspace/00 Aplicaciones de muestra/Ejemplo01 HolaMundo/Resources/android/images/res-notlong-port-hdpi/default.png
[DEBUG] copying /Users/Firestorm/Documents/Titanium_Studio_Workspace/00 Aplicaciones de muestra/Ejemplo01 HolaMundo/Resources/android/images/res-notlong-port-hdpi/default.png splash screen to /Users/Firestorm/Documents/Titanium_Studio_Workspace/00 Aplicaciones de muestra/Ejemplo01 HolaMundo/build/android/res/drawable-notlong-port-hdpi/background.png
[DEBUG] found drawable-notlong-port-ldpi splash screen at /Users/Firestorm/Documents/Titanium_Studio_Workspace/00 Aplicaciones de muestra/Ejemplo01 HolaMundo/Resources/android/images/res-notlong-port-ldpi/default.png
[DEBUG] copying /Users/Firestorm/Documents/Titanium_Studio_Workspace/00 Aplicaciones de muestra/Ejemplo01 HolaMundo/Resources/android/images/res-notlong-port-ldpi/default.png splash screen to /Users/Firestorm/Documents/Titanium_Studio_Workspace/00 Aplicaciones de muestra/Ejemplo01 HolaMundo/build/android/res/drawable-notlong-port-ldpi/background.png
[DEBUG] found drawable-notlong-port-mdpi splash screen at /Users/Firestorm/Documents/Titanium_Studio_Workspace/00 Aplicaciones de muestra/Ejemplo01 HolaMundo/Resources/android/images/res-notlong-port-mdpi/default.png
[DEBUG] copying /Users/Firestorm/Documents/Titanium_Studio_Workspace/00 Aplicaciones de muestra/Ejemplo01 HolaMundo/Resources/android/images/res-notlong-port-mdpi/default.png splash screen to /Users/Firestorm/Documents/Titanium_Studio_Workspace/00 Aplicaciones de muestra/Ejemplo01 HolaMundo/build/android/res/drawable-notlong-port-mdpi/background.png
[DEBUG] found splash screen at /Users/Firestorm/Documents/Titanium_Studio_Workspace/00 Aplicaciones de muestra/Ejemplo01 HolaMundo/build/android/bin/assets/Resources/default.png
[TRACE] Writing out AndroidManifest.xml
[DEBUG] adding /Users/Firestorm/Documents/Titanium_Studio_Workspace/00 Aplicaciones de muestra/Ejemplo01 HolaMundo/build/android/gen/org/fsl/titanium/holamundo/ApplicationStylesheet.java to javac build list
[DEBUG] adding /Users/Firestorm/Documents/Titanium_Studio_Workspace/00 Aplicaciones de muestra/Ejemplo01 HolaMundo/build/android/gen/org/fsl/titanium/holamundo/Ejemplo01HolamundoActivity.java to javac build list
[DEBUG] adding /Users/Firestorm/Documents/Titanium_Studio_Workspace/00 Aplicaciones de muestra/Ejemplo01 HolaMundo/build/android/gen/org/fsl/titanium/holamundo/Ejemplo01HolamundoAppInfo.java to javac build list
[DEBUG] adding /Users/Firestorm/Documents/Titanium_Studio_Workspace/00 Aplicaciones de muestra/Ejemplo01 HolaMundo/build/android/gen/org/fsl/titanium/holamundo/Ejemplo01HolamundoApplication.java to javac build list
[DEBUG] adding /Users/Firestorm/Documents/Titanium_Studio_Workspace/00 Aplicaciones de muestra/Ejemplo01 HolaMundo/build/android/gen/org/fsl/titanium/holamundo/R.java to javac build list
[DEBUG] Building Java Sources: "/Users/Firestorm/Documents/Titanium_Studio_Workspace/00 Aplicaciones de muestra/Ejemplo01 HolaMundo/build/android/gen/org/fsl/titanium/holamundo/ApplicationStylesheet.java" "/Users/Firestorm/Documents/Titanium_Studio_Workspace/00 Aplicaciones de muestra/Ejemplo01 HolaMundo/build/android/gen/org/fsl/titanium/holamundo/Ejemplo01HolamundoActivity.java" "/Users/Firestorm/Documents/Titanium_Studio_Workspace/00 Aplicaciones de muestra/Ejemplo01 HolaMundo/build/android/gen/org/fsl/titanium/holamundo/Ejemplo01HolamundoAppInfo.java" "/Users/Firestorm/Documents/Titanium_Studio_Workspace/00 Aplicaciones de muestra/Ejemplo01 HolaMundo/build/android/gen/org/fsl/titanium/holamundo/Ejemplo01HolamundoApplication.java" "/Users/Firestorm/Documents/Titanium_Studio_Workspace/00 Aplicaciones de muestra/Ejemplo01 HolaMundo/build/android/gen/org/fsl/titanium/holamundo/R.java"
[INFO] Waiting for SDCard to become available..
[INFO] Compiling Android Resources... This could take some time
[DEBUG] Android classes.dex built
[DEBUG] creating unsigned apk: /Users/Firestorm/Documents/Titanium_Studio_Workspace/00 Aplicaciones de muestra/Ejemplo01 HolaMundo/build/android/bin/app-unsigned.apk
[DEBUG] from resource zip => assets/Resources/ui/common/FirstView.js
[DEBUG] from resource zip => assets/Resources/ui/handheld/android/ApplicationWindow.js
[DEBUG] from resource zip => assets/Resources/ui/handheld/ApplicationWindow.js
[DEBUG] from resource zip => assets/Resources/ui/tablet/ApplicationWindow.js
[DEBUG] from resource zip => assets/Resources/KS_nav_ui.png
[DEBUG] from resource zip => assets/Resources/KS_nav_views.png
[DEBUG] from resource zip => assets/Resources/app.js
[DEBUG] from resource zip => assets/Resources/appicon.png
[DEBUG] from resource zip => assets/Resources/default.png
[DEBUG] from resource zip => assets/app.json
[DEBUG] from resource zip => assets/index.json
[DEBUG] from resource zip => assets/tiapp.xml
[DEBUG] from resource zip => res/drawable/appicon.png
[DEBUG] from resource zip => res/drawable/background.png
[DEBUG] from resource zip => res/drawable/btn_check_buttonless_on_64.png
[DEBUG] from resource zip => res/drawable/btn_more_64.png
[DEBUG] from resource zip => res/drawable/disclosure_64.png
[DEBUG] from resource zip => res/layout/titanium_tabgroup.xml
[DEBUG] from resource zip => res/layout/titanium_ui_list_header_or_footer.xml
[DEBUG] from resource zip => res/layout/titanium_ui_list_item.xml
[DEBUG] from resource zip => AndroidManifest.xml
[DEBUG] from resource zip => resources.arsc
[DEBUG] from resource zip => res/drawable-long-land-hdpi/background.png
[DEBUG] from resource zip => res/drawable-long-land-hdpi/default_d44e27d97b.png
[DEBUG] from resource zip => res/drawable-long-land-ldpi/background.png
[DEBUG] from resource zip => res/drawable-long-land-ldpi/default_d44e27d97b.png
[DEBUG] from resource zip => res/drawable-long-port-hdpi/background.png
[DEBUG] from resource zip => res/drawable-long-port-hdpi/default_d44e27d97b.png
[DEBUG] from resource zip => res/drawable-long-port-ldpi/background.png
[DEBUG] from resource zip => res/drawable-long-port-ldpi/default_d44e27d97b.png
[DEBUG] from resource zip => res/drawable-notlong-land-hdpi/background.png
[DEBUG] from resource zip => res/drawable-notlong-land-hdpi/default_d44e27d97b.png
[DEBUG] from resource zip => res/drawable-notlong-land-ldpi/background.png
[DEBUG] from resource zip => res/drawable-notlong-land-ldpi/default_d44e27d97b.png
[DEBUG] from resource zip => res/drawable-notlong-land-mdpi/background.png
[DEBUG] from resource zip => res/drawable-notlong-land-mdpi/default_d44e27d97b.png
[DEBUG] from resource zip => res/drawable-notlong-port-hdpi/background.png
[DEBUG] from resource zip => res/drawable-notlong-port-hdpi/default_d44e27d97b.png
[DEBUG] from resource zip => res/drawable-notlong-port-ldpi/background.png
[DEBUG] from resource zip => res/drawable-notlong-port-ldpi/default_d44e27d97b.png
[DEBUG] from resource zip => res/drawable-notlong-port-mdpi/background.png
[DEBUG] from resource zip => res/drawable-notlong-port-mdpi/default_d44e27d97b.png
[DEBUG] from JAR /Users/Firestorm/Library/Application Support/Titanium/mobilesdk/osx/3.1.0.GA/android/thirdparty.jar => org/apache/Commons-NOTICE.txt
[DEBUG] from JAR /Users/Firestorm/Library/Application Support/Titanium/mobilesdk/osx/3.1.0.GA/android/thirdparty.jar => org/apache/HttpComponents-NOTICE.txt
[DEBUG] from JAR /Users/Firestorm/Library/Application Support/Titanium/mobilesdk/osx/3.1.0.GA/android/thirdparty.jar => org/apache/mime4j-NOTICE.txt
[DEBUG] from JAR /Users/Firestorm/Library/Application Support/Titanium/mobilesdk/osx/3.1.0.GA/android/titanium.jar => org/appcelerator/titanium/build.properties
[DEBUG] from JAR /Users/Firestorm/Library/Application Support/Titanium/mobilesdk/osx/3.1.0.GA/android/titanium.jar => org/appcelerator/titanium/res/drawable/background.png
[DEBUG] from JAR /Users/Firestorm/Library/Application Support/Titanium/mobilesdk/osx/3.1.0.GA/android/titanium.jar => org/appcelerator/titanium/res/drawable/btn_check_buttonless_on.png
[DEBUG] from JAR /Users/Firestorm/Library/Application Support/Titanium/mobilesdk/osx/3.1.0.GA/android/titanium.jar => org/appcelerator/titanium/res/drawable/btn_check_buttonless_on_18.png
[DEBUG] from JAR /Users/Firestorm/Library/Application Support/Titanium/mobilesdk/osx/3.1.0.GA/android/titanium.jar => org/appcelerator/titanium/res/drawable/btn_check_buttonless_on_48.png
[DEBUG] from JAR /Users/Firestorm/Library/Application Support/Titanium/mobilesdk/osx/3.1.0.GA/android/titanium.jar => org/appcelerator/titanium/res/drawable/btn_check_buttonless_on_64.png
[DEBUG] from JAR /Users/Firestorm/Library/Application Support/Titanium/mobilesdk/osx/3.1.0.GA/android/titanium.jar => org/appcelerator/titanium/res/drawable/btn_more.png
[DEBUG] from JAR /Users/Firestorm/Library/Application Support/Titanium/mobilesdk/osx/3.1.0.GA/android/titanium.jar => org/appcelerator/titanium/res/drawable/btn_more_18.png
[DEBUG] from JAR /Users/Firestorm/Library/Application Support/Titanium/mobilesdk/osx/3.1.0.GA/android/titanium.jar => org/appcelerator/titanium/res/drawable/btn_more_48.png
[DEBUG] from JAR /Users/Firestorm/Library/Application Support/Titanium/mobilesdk/osx/3.1.0.GA/android/titanium.jar => org/appcelerator/titanium/res/drawable/btn_more_64.png
[DEBUG] from JAR /Users/Firestorm/Library/Application Support/Titanium/mobilesdk/osx/3.1.0.GA/android/titanium.jar => org/appcelerator/titanium/res/drawable/btn_picker_normal.9.png
[DEBUG] from JAR /Users/Firestorm/Library/Application Support/Titanium/mobilesdk/osx/3.1.0.GA/android/titanium.jar => org/appcelerator/titanium/res/drawable/btn_picker_pressed.9.png
[DEBUG] from JAR /Users/Firestorm/Library/Application Support/Titanium/mobilesdk/osx/3.1.0.GA/android/titanium.jar => org/appcelerator/titanium/res/drawable/btn_picker_selected.9.png
[DEBUG] from JAR /Users/Firestorm/Library/Application Support/Titanium/mobilesdk/osx/3.1.0.GA/android/titanium.jar => org/appcelerator/titanium/res/drawable/default_icon.png
[DEBUG] from JAR /Users/Firestorm/Library/Application Support/Titanium/mobilesdk/osx/3.1.0.GA/android/titanium.jar => org/appcelerator/titanium/res/drawable/photoDefault.png
[DEBUG] from JAR /Users/Firestorm/Library/Application Support/Titanium/mobilesdk/osx/3.1.0.GA/android/modules/titanium-ui.jar => ti/modules/titanium/ui/widget/webview/binding.js
[DEBUG] from JAR /Users/Firestorm/Library/Application Support/Titanium/mobilesdk/osx/3.1.0.GA/android/modules/titanium-ui.jar => ti/modules/titanium/ui/widget/webview/binding.min.js
[DEBUG] from JAR /Users/Firestorm/Library/Application Support/Titanium/mobilesdk/osx/3.1.0.GA/android/modules/titanium-ui.jar => ti/modules/titanium/ui/widget/webview/json2.js
[DEBUG] from JAR /Users/Firestorm/Library/Application Support/Titanium/mobilesdk/osx/3.1.0.GA/android/modules/titanium-ui.jar => ti/modules/titanium/ui/widget/webview/polling.js
[DEBUG] from JAR /Users/Firestorm/Library/Application Support/Titanium/mobilesdk/osx/3.1.0.GA/android/modules/titanium-ui.jar => ti/modules/titanium/ui/widget/webview/polling.min.js
[DEBUG] installing native SDK libs
[DEBUG] Waiting for device to be ready ...
[TRACE] adb devices returned 1 devices/emulators
[DEBUG] Device connected... (waited 0 seconds)
[DEBUG] waited 0.023418 seconds on emulator to get ready
[INFO] Installing application on emulator
[INFO] Launching application ... Ejemplo01 HolaMundo
[TRACE] Launch output: Starting: Intent { act=android.intent.action.MAIN cat=[android.intent.category.LAUNCHER] flg=0x10200000 cmp=org.fsl.titanium.holamundo/.Ejemplo01HolamundoActivity }

[INFO] Deployed Ejemplo01 HolaMundo ... Application should be running.
[INFO] Android Emulator has exited
